f:\swmm_lisflood0521\swmm_lib\x64\debug\vc142.pdb
f:\swmm_lisflood0521\swmm_lib\x64\debug\vc142.idb
f:\swmm_lisflood0521\swmm_lib\x64\debug\input.obj
f:\swmm_lisflood0521\swmm_lib\x64\debug\inflow.obj
f:\swmm_lisflood0521\swmm_lib\x64\debug\infil.obj
f:\swmm_lisflood0521\swmm_lib\x64\debug\iface.obj
f:\swmm_lisflood0521\swmm_lib\x64\debug\hotstart.obj
f:\swmm_lisflood0521\swmm_lib\x64\debug\hash.obj
f:\swmm_lisflood0521\swmm_lib\x64\debug\gwater.obj
f:\swmm_lisflood0521\swmm_lib\x64\debug\gage.obj
f:\swmm_lisflood0521\swmm_lib\x64\debug\forcmain.obj
f:\swmm_lisflood0521\swmm_lib\x64\debug\flowrout.obj
f:\swmm_lisflood0521\swmm_lib\x64\debug\findroot.obj
f:\swmm_lisflood0521\swmm_lib\x64\debug\exfil.obj
f:\swmm_lisflood0521\swmm_lib\x64\debug\error.obj
f:\swmm_lisflood0521\swmm_lib\x64\debug\dynwave.obj
f:\swmm_lisflood0521\swmm_lib\x64\debug\dwflow.obj
f:\swmm_lisflood0521\swmm_lib\x64\debug\datetime.obj
f:\swmm_lisflood0521\swmm_lib\x64\debug\culvert.obj
f:\swmm_lisflood0521\swmm_lib\x64\debug\couple.obj
f:\swmm_lisflood0521\swmm_lib\x64\debug\controls.obj
f:\swmm_lisflood0521\swmm_lib\x64\debug\climate.obj
f:\swmm_lisflood0521\swmm_lib\x64\debug\roadway.obj
f:\swmm_lisflood0521\swmm_lib\x64\debug\report.obj
f:\swmm_lisflood0521\swmm_lib\x64\debug\rdii.obj
f:\swmm_lisflood0521\swmm_lib\x64\debug\rain.obj
f:\swmm_lisflood0521\swmm_lib\x64\debug\qualrout.obj
f:\swmm_lisflood0521\swmm_lib\x64\debug\project.obj
f:\swmm_lisflood0521\swmm_lib\x64\debug\output.obj
f:\swmm_lisflood0521\swmm_lib\x64\debug\odesolve.obj
f:\swmm_lisflood0521\swmm_lib\x64\debug\node.obj
f:\swmm_lisflood0521\swmm_lib\x64\debug\mempool.obj
f:\swmm_lisflood0521\swmm_lib\x64\debug\mathexpr.obj
f:\swmm_lisflood0521\swmm_lib\x64\debug\massbal.obj
f:\swmm_lisflood0521\swmm_lib\x64\debug\main.obj
f:\swmm_lisflood0521\swmm_lib\x64\debug\link.obj
f:\swmm_lisflood0521\swmm_lib\x64\debug\lidproc.obj
f:\swmm_lisflood0521\swmm_lib\x64\debug\lid.obj
f:\swmm_lisflood0521\swmm_lib\x64\debug\landuse.obj
f:\swmm_lisflood0521\swmm_lib\x64\debug\kinwave.obj
f:\swmm_lisflood0521\swmm_lib\x64\debug\keywords.obj
f:\swmm_lisflood0521\swmm_lib\x64\debug\inputrpt.obj
f:\swmm_lisflood0521\swmm_lib\x64\debug\xsect.obj
f:\swmm_lisflood0521\swmm_lib\x64\debug\treatmnt.obj
f:\swmm_lisflood0521\swmm_lib\x64\debug\transect.obj
f:\swmm_lisflood0521\swmm_lib\x64\debug\toposort.obj
f:\swmm_lisflood0521\swmm_lib\x64\debug\table.obj
f:\swmm_lisflood0521\swmm_lib\x64\debug\swmm5.obj
f:\swmm_lisflood0521\swmm_lib\x64\debug\surfqual.obj
f:\swmm_lisflood0521\swmm_lib\x64\debug\subcatch.obj
f:\swmm_lisflood0521\swmm_lib\x64\debug\statsrpt.obj
f:\swmm_lisflood0521\swmm_lib\x64\debug\stats.obj
f:\swmm_lisflood0521\swmm_lib\x64\debug\snow.obj
f:\swmm_lisflood0521\swmm_lib\x64\debug\shape.obj
f:\swmm_lisflood0521\swmm_lib\x64\debug\runoff.obj
f:\swmm_lisflood0521\swmm_lib\x64\debug\routing.obj
f:\swmm_lisflood0521\swmm_lib\x64\debug\lib_bmi.obj
f:\swmm_lisflood0521\swmm_lib\x64\debug\swmm_lib.ilk
f:\swmm_lisflood0521\debug\swmm_lib.dll
f:\swmm_lisflood0521\debug\swmm_lib.pdb
f:\swmm_lisflood0521\debug\swmm_lib.lib
f:\swmm_lisflood0521\debug\swmm_lib.exp
f:\swmm_lisflood0521\swmm_lib\x64\debug\swmm_lib.tlog\cl.command.1.tlog
f:\swmm_lisflood0521\swmm_lib\x64\debug\swmm_lib.tlog\cl.read.1.tlog
f:\swmm_lisflood0521\swmm_lib\x64\debug\swmm_lib.tlog\cl.write.1.tlog
f:\swmm_lisflood0521\swmm_lib\x64\debug\swmm_lib.tlog\link.command.1.tlog
f:\swmm_lisflood0521\swmm_lib\x64\debug\swmm_lib.tlog\link.read.1.tlog
f:\swmm_lisflood0521\swmm_lib\x64\debug\swmm_lib.tlog\link.write.1.tlog
f:\swmm_lisflood0521\swmm_lib\x64\debug\swmm_lib.tlog\swmm_lib.write.1u.tlog
