  climate.c
F:\SWMM_LISFLOOD0521\SWMM_Lib\src\climate.c(1103,27): warning C4267: “=”: 从“size_t”转换到“int”，可能丢失数据
F:\SWMM_LISFLOOD0521\SWMM_Lib\src\climate.c(1140,27): warning C4267: “=”: 从“size_t”转换到“int”，可能丢失数据
F:\SWMM_LISFLOOD0521\SWMM_Lib\src\climate.c(1283,34): warning C4267: “=”: 从“size_t”转换到“int”，可能丢失数据
F:\SWMM_LISFLOOD0521\SWMM_Lib\src\climate.c(1409,34): warning C4244: “=”: 从“__int64”转换到“int”，可能丢失数据
F:\SWMM_LISFLOOD0521\SWMM_Lib\src\climate.c(1416,47): warning C4244: “=”: 从“__int64”转换到“int”，可能丢失数据
F:\SWMM_LISFLOOD0521\SWMM_Lib\src\climate.c(1418,47): warning C4244: “=”: 从“__int64”转换到“int”，可能丢失数据
F:\SWMM_LISFLOOD0521\SWMM_Lib\src\climate.c(1420,47): warning C4244: “=”: 从“__int64”转换到“int”，可能丢失数据
F:\SWMM_LISFLOOD0521\SWMM_Lib\src\climate.c(1430,47): warning C4244: “=”: 从“__int64”转换到“int”，可能丢失数据
  controls.c
  couple.c
F:\SWMM_LISFLOOD0521\SWMM_Lib\src\couple.c(31,40): warning C4244: “=”: 从“double”转换到“int”，可能丢失数据
F:\SWMM_LISFLOOD0521\SWMM_Lib\src\couple.c(32,41): warning C4244: “=”: 从“double”转换到“int”，可能丢失数据
F:\SWMM_LISFLOOD0521\SWMM_Lib\src\couple.c(20,14): warning C4101: “yIndex”: 未引用的局部变量
F:\SWMM_LISFLOOD0521\SWMM_Lib\src\couple.c(20,6): warning C4101: “xIndex”: 未引用的局部变量
F:\SWMM_LISFLOOD0521\SWMM_Lib\src\couple.c(46,14): warning C4101: “yIndex”: 未引用的局部变量
F:\SWMM_LISFLOOD0521\SWMM_Lib\src\couple.c(46,6): warning C4101: “xIndex”: 未引用的局部变量
  culvert.c
  datetime.c
  dwflow.c
  dynwave.c
  error.c
  exfil.c
  findroot.c
  flowrout.c
  forcmain.c
  gage.c
  gwater.c
  hash.c
  hotstart.c
  iface.c
  infil.c
  inflow.c
  input.c
F:\SWMM_LISFLOOD0521\SWMM_Lib\src\input.c(187,34): warning C4267: “=”: 从“size_t”转换到“int”，可能丢失数据
F:\SWMM_LISFLOOD0521\SWMM_Lib\src\input.c(192,55): warning C4244: “=”: 从“__int64”转换到“int”，可能丢失数据
F:\SWMM_LISFLOOD0521\SWMM_Lib\src\input.c(693,29): warning C4267: “=”: 从“size_t”转换到“int”，可能丢失数据
F:\SWMM_LISFLOOD0521\SWMM_Lib\src\input.c(889,20): warning C4267: “=”: 从“size_t”转换到“int”，可能丢失数据
F:\SWMM_LISFLOOD0521\SWMM_Lib\src\input.c(894,30): warning C4267: “=”: 从“size_t”转换到“int”，可能丢失数据
F:\SWMM_LISFLOOD0521\SWMM_Lib\src\input.c(902,38): warning C4267: “=”: 从“size_t”转换到“int”，可能丢失数据
  正在生成代码...
  正在编译...
  inputrpt.c
  keywords.c
  kinwave.c
  landuse.c
  lid.c
  lidproc.c
  link.c
  main.c
  massbal.c
  mathexpr.c
F:\SWMM_LISFLOOD0521\SWMM_Lib\src\mathexpr.c(762,20): warning C4267: “=”: 从“size_t”转换到“int”，可能丢失数据
  mempool.c
  node.c
  odesolve.c
  output.c
F:\SWMM_LISFLOOD0521\SWMM_Lib\src\output.c(553,1): warning C4267: “初始化”: 从“size_t”转换到“int”，可能丢失数据
  project.c
F:\SWMM_LISFLOOD0521\SWMM_Lib\src\project.c(328,25): warning C4267: “=”: 从“size_t”转换到“int”，可能丢失数据
  qualrout.c
  rain.c
F:\SWMM_LISFLOOD0521\SWMM_Lib\src\rain.c(609,33): warning C4244: “=”: 从“__int64”转换到“int”，可能丢失数据
F:\SWMM_LISFLOOD0521\SWMM_Lib\src\rain.c(618,33): warning C4244: “=”: 从“__int64”转换到“int”，可能丢失数据
F:\SWMM_LISFLOOD0521\SWMM_Lib\src\rain.c(636,23): warning C4244: “=”: 从“__int64”转换到“int”，可能丢失数据
F:\SWMM_LISFLOOD0521\SWMM_Lib\src\rain.c(740,1): warning C4267: “初始化”: 从“size_t”转换到“int”，可能丢失数据
  rdii.c
  report.c
  roadway.c
  正在生成代码...
  正在编译...
  routing.c
  runoff.c
F:\SWMM_LISFLOOD0521\SWMM_Lib\src\runoff.c(436,59): warning C4267: “+=”: 从“size_t”转换到“int”，可能丢失数据
F:\SWMM_LISFLOOD0521\SWMM_Lib\src\runoff.c(445,79): warning C4267: “+=”: 从“size_t”转换到“int”，可能丢失数据
  shape.c
  snow.c
  stats.c
  statsrpt.c
  subcatch.c
  surfqual.c
  swmm5.c
F:\SWMM_LISFLOOD0521\SWMM_Lib\src\swmm5.c(251,24): warning C4090: “函数”: 不同的“const”限定符
F:\SWMM_LISFLOOD0521\SWMM_Lib\src\swmm5.c(251,28): warning C4090: “函数”: 不同的“const”限定符
F:\SWMM_LISFLOOD0521\SWMM_Lib\src\swmm5.c(251,32): warning C4090: “函数”: 不同的“const”限定符
  table.c
  toposort.c
  transect.c
  treatmnt.c
  xsect.c
  正在生成代码...
  lib_bmi.cpp
F:\SWMM_LISFLOOD0521\SWMM_Lib\src\lib_bmi.cpp(116,43): warning C4267: “=”: 从“size_t”转换到“int”，可能丢失数据
F:\SWMM_LISFLOOD0521\SWMM_Lib\src\lib_bmi.cpp(169,9): warning C4996: 'fscanf': This function or variable may be unsafe. Consider using fscanf_s instead. To disable deprecation, use _CRT_SECURE_NO_WARNINGS. See online help for details.
F:\SWMM_LISFLOOD0521\SWMM_Lib\src\lib_bmi.cpp(180,18): warning C4101: “P”: 未引用的局部变量
F:\SWMM_LISFLOOD0521\SWMM_Lib\src\lib_bmi.cpp(176,16): warning C4101: “p”: 未引用的局部变量
F:\SWMM_LISFLOOD0521\SWMM_Lib\src\lib_bmi.cpp(177,16): warning C4101: “w”: 未引用的局部变量
    正在创建库 F:\SWMM_LISFLOOD0521\Debug\SWMM_Lib.lib 和对象 F:\SWMM_LISFLOOD0521\Debug\SWMM_Lib.exp
  SWMM_Lib.vcxproj -> F:\SWMM_LISFLOOD0521\Debug\SWMM_Lib.dll
