f:\swmm_lisflood\project1-2-2\swmm_lib\release\vc142.pdb
f:\swmm_lisflood\project1-2-2\swmm_lib\release\input.obj
f:\swmm_lisflood\project1-2-2\swmm_lib\release\inflow.obj
f:\swmm_lisflood\project1-2-2\swmm_lib\release\infil.obj
f:\swmm_lisflood\project1-2-2\swmm_lib\release\iface.obj
f:\swmm_lisflood\project1-2-2\swmm_lib\release\hotstart.obj
f:\swmm_lisflood\project1-2-2\swmm_lib\release\hash.obj
f:\swmm_lisflood\project1-2-2\swmm_lib\release\gwater.obj
f:\swmm_lisflood\project1-2-2\swmm_lib\release\gage.obj
f:\swmm_lisflood\project1-2-2\swmm_lib\release\forcmain.obj
f:\swmm_lisflood\project1-2-2\swmm_lib\release\flowrout.obj
f:\swmm_lisflood\project1-2-2\swmm_lib\release\findroot.obj
f:\swmm_lisflood\project1-2-2\swmm_lib\release\exfil.obj
f:\swmm_lisflood\project1-2-2\swmm_lib\release\error.obj
f:\swmm_lisflood\project1-2-2\swmm_lib\release\dynwave.obj
f:\swmm_lisflood\project1-2-2\swmm_lib\release\dwflow.obj
f:\swmm_lisflood\project1-2-2\swmm_lib\release\datetime.obj
f:\swmm_lisflood\project1-2-2\swmm_lib\release\culvert.obj
f:\swmm_lisflood\project1-2-2\swmm_lib\release\couple.obj
f:\swmm_lisflood\project1-2-2\swmm_lib\release\controls.obj
f:\swmm_lisflood\project1-2-2\swmm_lib\release\climate.obj
f:\swmm_lisflood\project1-2-2\swmm_lib\release\roadway.obj
f:\swmm_lisflood\project1-2-2\swmm_lib\release\report.obj
f:\swmm_lisflood\project1-2-2\swmm_lib\release\rdii.obj
f:\swmm_lisflood\project1-2-2\swmm_lib\release\rain.obj
f:\swmm_lisflood\project1-2-2\swmm_lib\release\qualrout.obj
f:\swmm_lisflood\project1-2-2\swmm_lib\release\project.obj
f:\swmm_lisflood\project1-2-2\swmm_lib\release\output.obj
f:\swmm_lisflood\project1-2-2\swmm_lib\release\odesolve.obj
f:\swmm_lisflood\project1-2-2\swmm_lib\release\node.obj
f:\swmm_lisflood\project1-2-2\swmm_lib\release\mempool.obj
f:\swmm_lisflood\project1-2-2\swmm_lib\release\mathexpr.obj
f:\swmm_lisflood\project1-2-2\swmm_lib\release\massbal.obj
f:\swmm_lisflood\project1-2-2\swmm_lib\release\main.obj
f:\swmm_lisflood\project1-2-2\swmm_lib\release\link.obj
f:\swmm_lisflood\project1-2-2\swmm_lib\release\lidproc.obj
f:\swmm_lisflood\project1-2-2\swmm_lib\release\lid.obj
f:\swmm_lisflood\project1-2-2\swmm_lib\release\landuse.obj
f:\swmm_lisflood\project1-2-2\swmm_lib\release\kinwave.obj
f:\swmm_lisflood\project1-2-2\swmm_lib\release\keywords.obj
f:\swmm_lisflood\project1-2-2\swmm_lib\release\inputrpt.obj
f:\swmm_lisflood\project1-2-2\swmm_lib\release\xsect.obj
f:\swmm_lisflood\project1-2-2\swmm_lib\release\treatmnt.obj
f:\swmm_lisflood\project1-2-2\swmm_lib\release\transect.obj
f:\swmm_lisflood\project1-2-2\swmm_lib\release\toposort.obj
f:\swmm_lisflood\project1-2-2\swmm_lib\release\table.obj
f:\swmm_lisflood\project1-2-2\swmm_lib\release\swmm5.obj
f:\swmm_lisflood\project1-2-2\swmm_lib\release\surfqual.obj
f:\swmm_lisflood\project1-2-2\swmm_lib\release\subcatch.obj
f:\swmm_lisflood\project1-2-2\swmm_lib\release\statsrpt.obj
f:\swmm_lisflood\project1-2-2\swmm_lib\release\stats.obj
f:\swmm_lisflood\project1-2-2\swmm_lib\release\snow.obj
f:\swmm_lisflood\project1-2-2\swmm_lib\release\shape.obj
f:\swmm_lisflood\project1-2-2\swmm_lib\release\runoff.obj
f:\swmm_lisflood\project1-2-2\swmm_lib\release\routing.obj
f:\swmm_lisflood\project1-2-2\swmm_lib\release\lib_bmi.obj
f:\swmm_lisflood\project1-2-2\release\swmm_lib.dll
f:\swmm_lisflood\project1-2-2\swmm_lib\release\swmm_lib.ipdb
f:\swmm_lisflood\project1-2-2\swmm_lib\release\swmm_lib.iobj
f:\swmm_lisflood\project1-2-2\release\swmm_lib.pdb
f:\swmm_lisflood\project1-2-2\release\swmm_lib.lib
f:\swmm_lisflood\project1-2-2\release\swmm_lib.exp
f:\swmm_lisflood\project1-2-2\swmm_lib\release\swmm_lib.tlog\cl.command.1.tlog
f:\swmm_lisflood\project1-2-2\swmm_lib\release\swmm_lib.tlog\cl.read.1.tlog
f:\swmm_lisflood\project1-2-2\swmm_lib\release\swmm_lib.tlog\cl.write.1.tlog
f:\swmm_lisflood\project1-2-2\swmm_lib\release\swmm_lib.tlog\link.command.1.tlog
f:\swmm_lisflood\project1-2-2\swmm_lib\release\swmm_lib.tlog\link.read.1.tlog
f:\swmm_lisflood\project1-2-2\swmm_lib\release\swmm_lib.tlog\link.write.1.tlog
f:\swmm_lisflood\project1-2-2\swmm_lib\release\swmm_lib.tlog\swmm_lib.write.1u.tlog
