f:\swmm_lisflood0622\swmm_lib\debug\vc142.pdb
f:\swmm_lisflood0622\swmm_lib\debug\vc142.idb
f:\swmm_lisflood0622\swmm_lib\debug\input.obj
f:\swmm_lisflood0622\swmm_lib\debug\inflow.obj
f:\swmm_lisflood0622\swmm_lib\debug\infil.obj
f:\swmm_lisflood0622\swmm_lib\debug\iface.obj
f:\swmm_lisflood0622\swmm_lib\debug\hotstart.obj
f:\swmm_lisflood0622\swmm_lib\debug\hash.obj
f:\swmm_lisflood0622\swmm_lib\debug\gwater.obj
f:\swmm_lisflood0622\swmm_lib\debug\gage.obj
f:\swmm_lisflood0622\swmm_lib\debug\forcmain.obj
f:\swmm_lisflood0622\swmm_lib\debug\flowrout.obj
f:\swmm_lisflood0622\swmm_lib\debug\findroot.obj
f:\swmm_lisflood0622\swmm_lib\debug\exfil.obj
f:\swmm_lisflood0622\swmm_lib\debug\error.obj
f:\swmm_lisflood0622\swmm_lib\debug\dynwave.obj
f:\swmm_lisflood0622\swmm_lib\debug\dwflow.obj
f:\swmm_lisflood0622\swmm_lib\debug\datetime.obj
f:\swmm_lisflood0622\swmm_lib\debug\culvert.obj
f:\swmm_lisflood0622\swmm_lib\debug\couple.obj
f:\swmm_lisflood0622\swmm_lib\debug\controls.obj
f:\swmm_lisflood0622\swmm_lib\debug\climate.obj
f:\swmm_lisflood0622\swmm_lib\debug\roadway.obj
f:\swmm_lisflood0622\swmm_lib\debug\report.obj
f:\swmm_lisflood0622\swmm_lib\debug\rdii.obj
f:\swmm_lisflood0622\swmm_lib\debug\rain.obj
f:\swmm_lisflood0622\swmm_lib\debug\qualrout.obj
f:\swmm_lisflood0622\swmm_lib\debug\project.obj
f:\swmm_lisflood0622\swmm_lib\debug\output.obj
f:\swmm_lisflood0622\swmm_lib\debug\odesolve.obj
f:\swmm_lisflood0622\swmm_lib\debug\node.obj
f:\swmm_lisflood0622\swmm_lib\debug\mempool.obj
f:\swmm_lisflood0622\swmm_lib\debug\mathexpr.obj
f:\swmm_lisflood0622\swmm_lib\debug\massbal.obj
f:\swmm_lisflood0622\swmm_lib\debug\main.obj
f:\swmm_lisflood0622\swmm_lib\debug\link.obj
f:\swmm_lisflood0622\swmm_lib\debug\lidproc.obj
f:\swmm_lisflood0622\swmm_lib\debug\lid.obj
f:\swmm_lisflood0622\swmm_lib\debug\landuse.obj
f:\swmm_lisflood0622\swmm_lib\debug\kinwave.obj
f:\swmm_lisflood0622\swmm_lib\debug\keywords.obj
f:\swmm_lisflood0622\swmm_lib\debug\inputrpt.obj
f:\swmm_lisflood0622\swmm_lib\debug\xsect.obj
f:\swmm_lisflood0622\swmm_lib\debug\treatmnt.obj
f:\swmm_lisflood0622\swmm_lib\debug\transect.obj
f:\swmm_lisflood0622\swmm_lib\debug\toposort.obj
f:\swmm_lisflood0622\swmm_lib\debug\table.obj
f:\swmm_lisflood0622\swmm_lib\debug\swmm5.obj
f:\swmm_lisflood0622\swmm_lib\debug\surfqual.obj
f:\swmm_lisflood0622\swmm_lib\debug\subcatch.obj
f:\swmm_lisflood0622\swmm_lib\debug\statsrpt.obj
f:\swmm_lisflood0622\swmm_lib\debug\stats.obj
f:\swmm_lisflood0622\swmm_lib\debug\snow.obj
f:\swmm_lisflood0622\swmm_lib\debug\shape.obj
f:\swmm_lisflood0622\swmm_lib\debug\runoff.obj
f:\swmm_lisflood0622\swmm_lib\debug\routing.obj
f:\swmm_lisflood0622\swmm_lib\debug\lib_bmi.obj
f:\swmm_lisflood0622\swmm_lib\debug\swmm_lib.ilk
f:\swmm_lisflood0622\debug\swmm_lib.dll
f:\swmm_lisflood0622\debug\swmm_lib.pdb
f:\swmm_lisflood0622\debug\swmm_lib.lib
f:\swmm_lisflood0622\debug\swmm_lib.exp
f:\swmm_lisflood0622\swmm_lib\debug\swmm_lib.tlog\cl.command.1.tlog
f:\swmm_lisflood0622\swmm_lib\debug\swmm_lib.tlog\cl.read.1.tlog
f:\swmm_lisflood0622\swmm_lib\debug\swmm_lib.tlog\cl.write.1.tlog
f:\swmm_lisflood0622\swmm_lib\debug\swmm_lib.tlog\link.command.1.tlog
f:\swmm_lisflood0622\swmm_lib\debug\swmm_lib.tlog\link.read.1.tlog
f:\swmm_lisflood0622\swmm_lib\debug\swmm_lib.tlog\link.write.1.tlog
f:\swmm_lisflood0622\swmm_lib\debug\swmm_lib.tlog\swmm_lib.write.1u.tlog
