  climate.c
  controls.c
  couple.c
F:\SWMM_LISFLOOD0622\SWMM_Lib\src\couple.c(31,40): warning C4244: “=”: 从“double”转换到“int”，可能丢失数据
F:\SWMM_LISFLOOD0622\SWMM_Lib\src\couple.c(32,41): warning C4244: “=”: 从“double”转换到“int”，可能丢失数据
F:\SWMM_LISFLOOD0622\SWMM_Lib\src\couple.c(20,14): warning C4101: “yIndex”: 未引用的局部变量
F:\SWMM_LISFLOOD0622\SWMM_Lib\src\couple.c(20,6): warning C4101: “xIndex”: 未引用的局部变量
F:\SWMM_LISFLOOD0622\SWMM_Lib\src\couple.c(46,14): warning C4101: “yIndex”: 未引用的局部变量
F:\SWMM_LISFLOOD0622\SWMM_Lib\src\couple.c(46,6): warning C4101: “xIndex”: 未引用的局部变量
  culvert.c
  datetime.c
  dwflow.c
  dynwave.c
  error.c
  exfil.c
  findroot.c
  flowrout.c
  forcmain.c
  gage.c
  gwater.c
  hash.c
  hotstart.c
  iface.c
  infil.c
  inflow.c
  input.c
  正在生成代码...
  正在编译...
  inputrpt.c
  keywords.c
  kinwave.c
  landuse.c
  lid.c
  lidproc.c
  link.c
  main.c
F:\SWMM_LISFLOOD0622\SWMM_Lib\src\main.c(18,6): warning C4007: “main”: 必须是“__cdecl”
  massbal.c
  mathexpr.c
  mempool.c
  node.c
  odesolve.c
  output.c
  project.c
  qualrout.c
  rain.c
  rdii.c
  report.c
  roadway.c
  正在生成代码...
  正在编译...
  routing.c
  runoff.c
  shape.c
  snow.c
  stats.c
  statsrpt.c
  subcatch.c
  surfqual.c
  swmm5.c
F:\SWMM_LISFLOOD0622\SWMM_Lib\src\swmm5.c(251,24): warning C4090: “函数”: 不同的“const”限定符
F:\SWMM_LISFLOOD0622\SWMM_Lib\src\swmm5.c(251,28): warning C4090: “函数”: 不同的“const”限定符
F:\SWMM_LISFLOOD0622\SWMM_Lib\src\swmm5.c(251,32): warning C4090: “函数”: 不同的“const”限定符
  table.c
  toposort.c
  transect.c
  treatmnt.c
  xsect.c
  正在生成代码...
  lib_bmi.cpp
F:\SWMM_LISFLOOD0622\SWMM_Lib\src\lib_bmi.cpp(169,9): warning C4996: 'fscanf': This function or variable may be unsafe. Consider using fscanf_s instead. To disable deprecation, use _CRT_SECURE_NO_WARNINGS. See online help for details.
F:\SWMM_LISFLOOD0622\SWMM_Lib\src\lib_bmi.cpp(180,18): warning C4101: “P”: 未引用的局部变量
F:\SWMM_LISFLOOD0622\SWMM_Lib\src\lib_bmi.cpp(176,16): warning C4101: “p”: 未引用的局部变量
F:\SWMM_LISFLOOD0622\SWMM_Lib\src\lib_bmi.cpp(177,16): warning C4101: “w”: 未引用的局部变量
    正在创建库 F:\SWMM_LISFLOOD0622\Debug\SWMM_Lib.lib 和对象 F:\SWMM_LISFLOOD0622\Debug\SWMM_Lib.exp
  SWMM_Lib.vcxproj -> F:\SWMM_LISFLOOD0622\Debug\SWMM_Lib.dll
