f:\swmm_lisflood\project1-2-2\lisflood_lib\release\vc142.pdb
f:\swmm_lisflood\project1-2-2\lisflood_lib\release\weir_flow.obj
f:\swmm_lisflood\project1-2-2\lisflood_lib\release\util.obj
f:\swmm_lisflood\project1-2-2\lisflood_lib\release\update.obj
f:\swmm_lisflood\project1-2-2\lisflood_lib\release\sgc.obj
f:\swmm_lisflood\project1-2-2\lisflood_lib\release\por_flow.obj
f:\swmm_lisflood\project1-2-2\lisflood_lib\release\pars.obj
f:\swmm_lisflood\project1-2-2\lisflood_lib\release\output.obj
f:\swmm_lisflood\project1-2-2\lisflood_lib\release\lisflood.obj
f:\swmm_lisflood\project1-2-2\lisflood_lib\release\lib_bmi.obj
f:\swmm_lisflood\project1-2-2\lisflood_lib\release\iterateq.obj
f:\swmm_lisflood\project1-2-2\lisflood_lib\release\input.obj
f:\swmm_lisflood\project1-2-2\lisflood_lib\release\initialize.obj
f:\swmm_lisflood\project1-2-2\lisflood_lib\release\infevap.obj
f:\swmm_lisflood\project1-2-2\lisflood_lib\release\fp_trent.obj
f:\swmm_lisflood\project1-2-2\lisflood_lib\release\fp_flow.obj
f:\swmm_lisflood\project1-2-2\lisflood_lib\release\fp_acc.obj
f:\swmm_lisflood\project1-2-2\lisflood_lib\release\finalize.obj
f:\swmm_lisflood\project1-2-2\lisflood_lib\release\ch_flow.obj
f:\swmm_lisflood\project1-2-2\lisflood_lib\release\chkpnt.obj
f:\swmm_lisflood\project1-2-2\lisflood_lib\release\boundary.obj
f:\swmm_lisflood\project1-2-2\release\lisflood.exe
f:\swmm_lisflood\project1-2-2\lisflood_lib\release\lisflood.ipdb
f:\swmm_lisflood\project1-2-2\lisflood_lib\release\lisflood.iobj
f:\swmm_lisflood\project1-2-2\release\lisflood.pdb
f:\swmm_lisflood\project1-2-2\release\lisflood.lib
f:\swmm_lisflood\project1-2-2\release\lisflood.exp
f:\swmm_lisflood\project1-2-2\lisflood_lib\release\lisflood.tlog\cl.command.1.tlog
f:\swmm_lisflood\project1-2-2\lisflood_lib\release\lisflood.tlog\cl.read.1.tlog
f:\swmm_lisflood\project1-2-2\lisflood_lib\release\lisflood.tlog\cl.write.1.tlog
f:\swmm_lisflood\project1-2-2\lisflood_lib\release\lisflood.tlog\link.command.1.tlog
f:\swmm_lisflood\project1-2-2\lisflood_lib\release\lisflood.tlog\link.read.1.tlog
f:\swmm_lisflood\project1-2-2\lisflood_lib\release\lisflood.tlog\link.write.1.tlog
f:\swmm_lisflood\project1-2-2\lisflood_lib\release\lisflood.tlog\lisflood.write.1u.tlog
