  boundary.cpp
  chkpnt.cpp
  ch_flow.cpp
  finalize.cpp
  fp_acc.cpp
  fp_flow.cpp
  fp_trent.cpp
  infevap.cpp
  initialize.cpp
  input.cpp
  iterateq.cpp
  lib_bmi.cpp
F:\SWMM_lisflood\Project1-2-2\LISFLOOD_Lib\src\lib_bmi.cpp(475,14): warning C4244: “初始化”: 从“double”转换到“int”，可能丢失数据
  lisflood.cpp
  output.cpp
  pars.cpp
  por_flow.cpp
  sgc.cpp
  update.cpp
  util.cpp
  weir_flow.cpp
    正在创建库 F:\SWMM_lisflood\Project1-2-2\Release\lisflood.lib 和对象 F:\SWMM_lisflood\Project1-2-2\Release\lisflood.exp
  正在生成代码
  Previous IPDB not found, fall back to full compilation.
F:\SWMM_lisflood\Project1-2-2\LISFLOOD_Lib\src\lib_bmi.cpp(126): warning C4715: “par_lisflood2label”: 不是所有的控件路径都返回值
F:\SWMM_lisflood\Project1-2-2\LISFLOOD_Lib\src\lib_bmi.cpp(121): warning C4715: “variable2label2”: 不是所有的控件路径都返回值
F:\SWMM_lisflood\Project1-2-2\LISFLOOD_Lib\src\lib_bmi.cpp(521): warning C4715: “surface_runoff_module”: 不是所有的控件路径都返回值
  All 493 functions were compiled because no usable IPDB/IOBJ from previous compilation was found.
  已完成代码的生成
  lisflood.vcxproj -> F:\SWMM_lisflood\Project1-2-2\Release\lisflood.exe
