f:\swmm_lisflood0622\lisflood_lib\debug\vc142.pdb
f:\swmm_lisflood0622\lisflood_lib\debug\vc142.idb
f:\swmm_lisflood0622\lisflood_lib\debug\weir_flow.obj
f:\swmm_lisflood0622\lisflood_lib\debug\util.obj
f:\swmm_lisflood0622\lisflood_lib\debug\update.obj
f:\swmm_lisflood0622\lisflood_lib\debug\sgc.obj
f:\swmm_lisflood0622\lisflood_lib\debug\por_flow.obj
f:\swmm_lisflood0622\lisflood_lib\debug\pars.obj
f:\swmm_lisflood0622\lisflood_lib\debug\output.obj
f:\swmm_lisflood0622\lisflood_lib\debug\lisflood.obj
f:\swmm_lisflood0622\lisflood_lib\debug\lib_bmi.obj
f:\swmm_lisflood0622\lisflood_lib\debug\iterateq.obj
f:\swmm_lisflood0622\lisflood_lib\debug\input.obj
f:\swmm_lisflood0622\lisflood_lib\debug\initialize.obj
f:\swmm_lisflood0622\lisflood_lib\debug\infevap.obj
f:\swmm_lisflood0622\lisflood_lib\debug\fp_trent.obj
f:\swmm_lisflood0622\lisflood_lib\debug\fp_flow.obj
f:\swmm_lisflood0622\lisflood_lib\debug\fp_acc.obj
f:\swmm_lisflood0622\lisflood_lib\debug\finalize.obj
f:\swmm_lisflood0622\lisflood_lib\debug\ch_flow.obj
f:\swmm_lisflood0622\lisflood_lib\debug\chkpnt.obj
f:\swmm_lisflood0622\lisflood_lib\debug\boundary.obj
f:\swmm_lisflood0622\lisflood_lib\debug\lisflood.ilk
f:\swmm_lisflood0622\debug\lisflood.dll
f:\swmm_lisflood0622\debug\lisflood.pdb
f:\swmm_lisflood0622\debug\lisflood.lib
f:\swmm_lisflood0622\debug\lisflood.exp
f:\swmm_lisflood0622\lisflood_lib\debug\lisflood.tlog\cl.command.1.tlog
f:\swmm_lisflood0622\lisflood_lib\debug\lisflood.tlog\cl.read.1.tlog
f:\swmm_lisflood0622\lisflood_lib\debug\lisflood.tlog\cl.write.1.tlog
f:\swmm_lisflood0622\lisflood_lib\debug\lisflood.tlog\link.command.1.tlog
f:\swmm_lisflood0622\lisflood_lib\debug\lisflood.tlog\link.read.1.tlog
f:\swmm_lisflood0622\lisflood_lib\debug\lisflood.tlog\link.write.1.tlog
f:\swmm_lisflood0622\lisflood_lib\debug\lisflood.tlog\lisflood.write.1u.tlog
